lerna(verbose) GitUtilities.isInitialized    ()
lerna(verbose) GitUtilities.isInitialized    () => true
lerna(verbose) GitUtilities.getTopLevelDirectory()
lerna(verbose) GitUtilities.getTopLevelDirectory() => "D:/Projetos/Truly"
lerna(verbose) FileSystemUtilities.existsSync("D:\\Projetos\\Truly\\lerna.json")
lerna(verbose) FileSystemUtilities.existsSync("D:\\Projetos\\Truly\\lerna.json") => true
lerna(verbose) FileSystemUtilities.readFileSync("D:\\Projetos\\Truly\\lerna.json")
lerna(verbose) FileSystemUtilities.readFileSync("D:\\Projetos\\Truly\\lerna.json") => "{\n  \"lerna\": \"2.0.0-beta.38\",\n  \"packages\": [\n    \"packages/*\"\n  ],\n  \"commands\": {\n    \"publish\": {\n      \"ignore\": [\n        \"ignored-file\",\n        \"*.md\",\n        \"/dist/*\",\n        \"/node_modules/*\"\n      ]\n    }\n  },\n  \"version\": \"0.0.3\"\n}"
lerna(verbose) FileSystemUtilities.existsSync("D:\\Projetos\\Truly\\package.json")
lerna(verbose) FileSystemUtilities.existsSync("D:\\Projetos\\Truly\\package.json") => true
lerna(verbose) FileSystemUtilities.readFileSync("D:\\Projetos\\Truly\\package.json")
lerna(verbose) FileSystemUtilities.readFileSync("D:\\Projetos\\Truly\\package.json") => "{\n  \"name\": \"truly-components\",\n  \"description\": \"An Angular 2 money input that is useful for entering in money values. Atm is just adds commas\",\n  \"main\": \"index.js\",\n  \"license\": \"MIT\",\n  \"devDependencies\": {\n    \"lerna\": \"2.0.0-beta.38\"\n  },\n  \"repository\": {\n    \"type\": \"git\",\n    \"url\": \"git+https://github.com/TemainfoSistemas/truly.git\"\n  },\n  \"keywords\": [],\n  \"author\": \"\",\n  \"bugs\": {\n    \"url\": \"https://github.com/TemainfoSistemas/truly/issues\"\n  }\n}"
lerna(info)    Lerna v2.0.0-beta.38
lerna(verbose) FileSystemUtilities.existsSync("D:\\Projetos\\Truly\\package.json")
lerna(verbose) FileSystemUtilities.existsSync("D:\\Projetos\\Truly\\package.json") => true
lerna(verbose) FileSystemUtilities.existsSync("D:\\Projetos\\Truly\\lerna.json")
lerna(verbose) FileSystemUtilities.existsSync("D:\\Projetos\\Truly\\lerna.json") => true
lerna(verbose) FileSystemUtilities.existsSync("D:\\Projetos\\Truly\\VERSION")
lerna(verbose) FileSystemUtilities.existsSync("D:\\Projetos\\Truly\\VERSION") => false
lerna(info)    Ignoring packages that match 'ignored-file,*.md,/dist/*,/node_modules/*'
lerna(verbose) FileSystemUtilities.existsSync("D:\\Projetos\\Truly\\packages\\autocomplete\\package.json")
lerna(verbose) FileSystemUtilities.existsSync("D:\\Projetos\\Truly\\packages\\autocomplete\\package.json") => true
lerna(verbose) FileSystemUtilities.existsSync("D:\\Projetos\\Truly\\packages\\button\\package.json")
lerna(verbose) FileSystemUtilities.existsSync("D:\\Projetos\\Truly\\packages\\button\\package.json") => true
lerna(verbose) Attempting running PublishCommand.initialize
lerna(verbose) GitUtilities.getCurrentBranchDescription()
lerna(verbose) GitUtilities.getCurrentBranchDescription() => "master"
lerna(info)    Current version: 0.0.3
lerna(info)    Checking for updated packages...
lerna(verbose) GitUtilities.hasTags          ()
lerna(verbose) GitUtilities.hasTags          () => false
lerna(info)    No tags found! Comparing with initial commit.
lerna(info)    Changes:
lerna(info)    - @truly/autocomplete: 0.0.3 => 0.0.4
- @truly/button: 0.0.3 => 0.0.4
lerna(verbose) Successfully ran PublishCommand.initialize
lerna(verbose) Attempting running PublishCommand.execute
lerna(verbose) FileSystemUtilities.writeFileSync("D:\\Projetos\\Truly\\lerna.json", "{\n  \"lerna\": \"2.0.0-beta.38\",\n  \"packages\": [\n    \"pac...)
lerna(verbose) FileSystemUtilities.writeFileSync("D:\\Projetos\\Truly\\lerna.json", "{\n  \"lerna\": \"2.0.0-beta.38\",\n  \"packages\": [\n    \"pac...) => 
lerna(verbose) GitUtilities.addFile          ("D:\\Projetos\\Truly\\lerna.json")
lerna(verbose) GitUtilities.addFile          ("D:\\Projetos\\Truly\\lerna.json") => 
lerna(verbose) FileSystemUtilities.writeFileSync("D:\\Projetos\\Truly\\packages\\autocomplete\\package.json", "{\n  \"name\": \"@truly/autocomplete\"...)
lerna(verbose) FileSystemUtilities.writeFileSync("D:\\Projetos\\Truly\\packages\\autocomplete\\package.json", "{\n  \"name\": \"@truly/autocomplete\"...) => 
lerna(verbose) FileSystemUtilities.writeFileSync("D:\\Projetos\\Truly\\packages\\button\\package.json", "{\n  \"name\": \"@truly/button\",\n  \"versi...)
lerna(verbose) FileSystemUtilities.writeFileSync("D:\\Projetos\\Truly\\packages\\button\\package.json", "{\n  \"name\": \"@truly/button\",\n  \"versi...) => 
lerna(verbose) GitUtilities.addFile          ("D:\\Projetos\\Truly\\packages\\autocomplete\\package.json", 0, ["D:\\Projetos\\Truly\\packages\\aut...)
lerna(verbose) GitUtilities.addFile          ("D:\\Projetos\\Truly\\packages\\autocomplete\\package.json", 0, ["D:\\Projetos\\Truly\\packages\\aut...) => 
lerna(verbose) GitUtilities.addFile          ("D:\\Projetos\\Truly\\packages\\button\\package.json", 1, ["D:\\Projetos\\Truly\\packages\\autocompl...)
lerna(verbose) GitUtilities.addFile          ("D:\\Projetos\\Truly\\packages\\button\\package.json", 1, ["D:\\Projetos\\Truly\\packages\\autocompl...) => 
lerna(verbose) GitUtilities.commit           ("v0.0.4")
lerna(verbose) GitUtilities.commit           ("v0.0.4") => 
lerna(verbose) GitUtilities.addTag           ("v0.0.4")
lerna(verbose) GitUtilities.addTag           ("v0.0.4") => 
lerna(info)    Publishing packages to npm...
lerna(verbose) FileSystemUtilities.existsSync("D:\\Projetos\\Truly\\packages\\autocomplete\\scripts\\prepublish.js")
lerna(verbose) FileSystemUtilities.existsSync("D:\\Projetos\\Truly\\packages\\autocomplete\\scripts\\prepublish.js") => false
lerna(verbose) No prepublish script found at D:\Projetos\Truly\packages\autocomplete\scripts\prepublish.js
lerna(verbose) FileSystemUtilities.existsSync("D:\\Projetos\\Truly\\packages\\button\\scripts\\prepublish.js")
lerna(verbose) FileSystemUtilities.existsSync("D:\\Projetos\\Truly\\packages\\button\\scripts\\prepublish.js") => false
lerna(verbose) No prepublish script found at D:\Projetos\Truly\packages\button\scripts\prepublish.js
lerna(verbose) Publishing @truly/autocomplete...
lerna(verbose) NpmUtilities.publishTaggedInDir("lerna-temp", "D:\\Projetos\\Truly\\packages\\autocomplete", )
lerna(verbose) Publishing @truly/button...
lerna(verbose) NpmUtilities.publishTaggedInDir("lerna-temp", "D:\\Projetos\\Truly\\packages\\button", )
lerna(verbose) NpmUtilities.publishTaggedInDir("lerna-temp", "D:\\Projetos\\Truly\\packages\\autocomplete", ) => "+ @truly/autocomplete@0.0.4\n"
lerna(verbose) FileSystemUtilities.existsSync("D:\\Projetos\\Truly\\packages\\autocomplete\\scripts\\postpublish.js")
lerna(verbose) FileSystemUtilities.existsSync("D:\\Projetos\\Truly\\packages\\autocomplete\\scripts\\postpublish.js") => false
lerna(verbose) No postpublish script found at D:\Projetos\Truly\packages\autocomplete\scripts\postpublish.js
lerna(verbose) NpmUtilities.publishTaggedInDir("lerna-temp", "D:\\Projetos\\Truly\\packages\\button", ) => "+ @truly/button@0.0.4\n"
lerna(verbose) FileSystemUtilities.existsSync("D:\\Projetos\\Truly\\packages\\button\\scripts\\postpublish.js")
lerna(verbose) FileSystemUtilities.existsSync("D:\\Projetos\\Truly\\packages\\button\\scripts\\postpublish.js") => false
lerna(verbose) No postpublish script found at D:\Projetos\Truly\packages\button\scripts\postpublish.js
lerna(verbose) NpmUtilities.checkDistTag     ("@truly/autocomplete", "lerna-temp", )
lerna(verbose) NpmUtilities.checkDistTag     ("@truly/autocomplete", "lerna-temp", ) => true
lerna(verbose) NpmUtilities.removeDistTag    ("@truly/autocomplete", "lerna-temp", )
lerna(verbose) NpmUtilities.removeDistTag    ("@truly/autocomplete", "lerna-temp", ) => 
lerna(verbose) NpmUtilities.addDistTag       ("@truly/autocomplete", "0.0.4", "latest", )
lerna(verbose) NpmUtilities.addDistTag       ("@truly/autocomplete", "0.0.4", "latest", ) => 
lerna(verbose) NpmUtilities.checkDistTag     ("@truly/button", "lerna-temp", )
lerna(verbose) NpmUtilities.checkDistTag     ("@truly/button", "lerna-temp", ) => true
lerna(verbose) NpmUtilities.removeDistTag    ("@truly/button", "lerna-temp", )
lerna(verbose) NpmUtilities.removeDistTag    ("@truly/button", "lerna-temp", ) => 
lerna(verbose) NpmUtilities.addDistTag       ("@truly/button", "0.0.4", "latest", )
lerna(verbose) NpmUtilities.addDistTag       ("@truly/button", "0.0.4", "latest", ) => 
lerna(info)    Pushing tags to git...
lerna(verbose) GitUtilities.pushWithTags     ("origin", ["v0.0.4"])
lerna(verbose) GitUtilities.getCurrentBranch ()
lerna(verbose) GitUtilities.getCurrentBranch () => "master"
lerna(error)   GitUtilities.pushWithTags     ("origin", ["v0.0.4"])
    Error: Command failed: git push origin master
    fatal: 'origin' does not appear to be a git repository
    fatal: Could not read from remote repository.
    
    Please make sure you have the correct access rights
    and the repository exists.
    
        at checkExecSyncError (child_process.js:481:13)
        at Object.execSync (child_process.js:521:13)
        at Function.execSync (C:\Users\Maicon\AppData\Roaming\npm\node_modules\lerna\lib\ChildProcessUtilities.js:67:38)
        at pushWithTags (C:\Users\Maicon\AppData\Roaming\npm\node_modules\lerna\lib\GitUtilities.js:117:39)
        at Function.descriptor.value (C:\Users\Maicon\AppData\Roaming\npm\node_modules\lerna\lib\logger.js:146:33)
        at C:\Users\Maicon\AppData\Roaming\npm\node_modules\lerna\lib\commands\PublishCommand.js:207:36
        at C:\Users\Maicon\AppData\Roaming\npm\node_modules\lerna\lib\commands\PublishCommand.js:532:9
        at C:\Users\Maicon\AppData\Roaming\npm\node_modules\lerna\node_modules\async\lib\async.js:726:13
        at C:\Users\Maicon\AppData\Roaming\npm\node_modules\lerna\node_modules\async\lib\async.js:52:16
        at C:\Users\Maicon\AppData\Roaming\npm\node_modules\lerna\node_modules\async\lib\async.js:269:32
lerna(error)   Error updating version as latest
lerna(verbose) NpmUtilities.checkDistTag     ("@truly/button", "lerna-temp", )
lerna(verbose) NpmUtilities.checkDistTag     ("@truly/button", "lerna-temp", ) => false
lerna(verbose) NpmUtilities.addDistTag       ("@truly/button", "0.0.4", "latest", )
lerna(verbose) NpmUtilities.addDistTag       ("@truly/button", "0.0.4", "latest", ) => 
lerna(info)    Pushing tags to git...
lerna(verbose) GitUtilities.pushWithTags     ("origin", ["v0.0.4"])
lerna(verbose) GitUtilities.getCurrentBranch ()
lerna(verbose) GitUtilities.getCurrentBranch () => "master"
lerna(error)   GitUtilities.pushWithTags     ("origin", ["v0.0.4"])
lerna(error)   Error updating version as latest
lerna(verbose) NpmUtilities.checkDistTag     ("@truly/button", "lerna-temp", )
lerna(verbose) NpmUtilities.checkDistTag     ("@truly/button", "lerna-temp", ) => false
lerna(verbose) NpmUtilities.addDistTag       ("@truly/button", "0.0.4", "latest", )
lerna(verbose) NpmUtilities.addDistTag       ("@truly/button", "0.0.4", "latest", ) => 
lerna(info)    Pushing tags to git...
lerna(verbose) GitUtilities.pushWithTags     ("origin", ["v0.0.4"])
lerna(verbose) GitUtilities.getCurrentBranch ()
lerna(verbose) GitUtilities.getCurrentBranch () => "master"
lerna(error)   GitUtilities.pushWithTags     ("origin", ["v0.0.4"])
lerna(error)   Error updating version as latest
lerna(verbose) NpmUtilities.checkDistTag     ("@truly/button", "lerna-temp", )
lerna(verbose) NpmUtilities.checkDistTag     ("@truly/button", "lerna-temp", ) => false
lerna(verbose) NpmUtilities.addDistTag       ("@truly/button", "0.0.4", "latest", )
lerna(verbose) NpmUtilities.addDistTag       ("@truly/button", "0.0.4", "latest", ) => 
lerna(info)    Pushing tags to git...
lerna(verbose) GitUtilities.pushWithTags     ("origin", ["v0.0.4"])
lerna(verbose) GitUtilities.getCurrentBranch ()
lerna(verbose) GitUtilities.getCurrentBranch () => "master"
lerna(error)   GitUtilities.pushWithTags     ("origin", ["v0.0.4"])
lerna(error)   Error updating version as latest
lerna(verbose) NpmUtilities.checkDistTag     ("@truly/button", "lerna-temp", )
lerna(verbose) NpmUtilities.checkDistTag     ("@truly/button", "lerna-temp", ) => false
lerna(verbose) NpmUtilities.addDistTag       ("@truly/button", "0.0.4", "latest", )
lerna(verbose) NpmUtilities.addDistTag       ("@truly/button", "0.0.4", "latest", ) => 
lerna(info)    Pushing tags to git...
lerna(verbose) GitUtilities.pushWithTags     ("origin", ["v0.0.4"])
lerna(verbose) GitUtilities.getCurrentBranch ()
lerna(verbose) GitUtilities.getCurrentBranch () => "master"
lerna(error)   GitUtilities.pushWithTags     ("origin", ["v0.0.4"])
lerna(error)   Errored while running PublishCommand.execute
